1492806403080	geckodriver	INFO	Listening on 127.0.0.1:33021
1492806404578	mozprofile::profile	INFO	Using profile path /tmp/rust_mozprofile.RIh45WsZxpss
1492806404579	geckodriver::marionette	INFO	Starting browser /usr/bin/firefox with args []
1492806404581	geckodriver::marionette	INFO	Connecting to Marionette on localhost:46523
1492806404777	addons.manager	DEBUG	Application has been upgraded
1492806404805	addons.manager	DEBUG	Loaded provider scope for resource://gre/modules/addons/XPIProvider.jsm: ["XPIProvider"]
1492806404807	addons.manager	DEBUG	Loaded provider scope for resource://gre/modules/LightweightThemeManager.jsm: ["LightweightThemeManager"]
1492806404809	addons.manager	DEBUG	Loaded provider scope for resource://gre/modules/addons/GMPProvider.jsm
1492806404811	addons.manager	DEBUG	Loaded provider scope for resource://gre/modules/addons/PluginProvider.jsm
1492806404812	addons.manager	DEBUG	Starting provider: XPIProvider
1492806404812	addons.xpi	DEBUG	startup
1492806404812	addons.xpi	INFO	SystemAddonInstallLocation directory is missing
1492806404813	addons.xpi	INFO	Mapping firefox@getpocket.com to /usr/lib/firefox/browser/features/firefox@getpocket.com.xpi
1492806404813	addons.xpi	INFO	Mapping deployment-checker@mozilla.org to /usr/lib/firefox/browser/features/deployment-checker@mozilla.org.xpi
1492806404813	addons.xpi	INFO	Mapping e10srollout@mozilla.org to /usr/lib/firefox/browser/features/e10srollout@mozilla.org.xpi
1492806404813	addons.xpi	INFO	Mapping webcompat@mozilla.org to /usr/lib/firefox/browser/features/webcompat@mozilla.org.xpi
1492806404814	addons.xpi	INFO	Mapping aushelper@mozilla.org to /usr/lib/firefox/browser/features/aushelper@mozilla.org.xpi
1492806404814	addons.xpi	INFO	Mapping {972ce4c6-7e08-4474-a285-3208198ce6fd} to /usr/lib/firefox/browser/extensions/{972ce4c6-7e08-4474-a285-3208198ce6fd}.xpi
1492806404814	addons.xpi	INFO	Mapping langpack-en-GB@firefox.mozilla.org to /usr/lib/firefox/browser/extensions/langpack-en-GB@firefox.mozilla.org.xpi
1492806404814	addons.xpi	INFO	Mapping langpack-en-ZA@firefox.mozilla.org to /usr/lib/firefox/browser/extensions/langpack-en-ZA@firefox.mozilla.org.xpi
1492806404815	addons.xpi	DEBUG	checkForChanges
1492806404815	addons.xpi	INFO	SystemAddonInstallLocation directory is missing
1492806404815	addons.xpi	DEBUG	Loaded add-on state from prefs: {}
1492806404816	addons.xpi	DEBUG	New add-on firefox@getpocket.com in app-system-defaults
1492806404817	addons.xpi	DEBUG	getModTime: Recursive scan of firefox@getpocket.com
1492806404817	addons.xpi	DEBUG	New add-on deployment-checker@mozilla.org in app-system-defaults
1492806404818	addons.xpi	DEBUG	getModTime: Recursive scan of deployment-checker@mozilla.org
1492806404818	addons.xpi	DEBUG	New add-on e10srollout@mozilla.org in app-system-defaults
1492806404818	addons.xpi	DEBUG	getModTime: Recursive scan of e10srollout@mozilla.org
1492806404818	addons.xpi	DEBUG	New add-on webcompat@mozilla.org in app-system-defaults
1492806404819	addons.xpi	DEBUG	getModTime: Recursive scan of webcompat@mozilla.org
1492806404819	addons.xpi	DEBUG	New add-on aushelper@mozilla.org in app-system-defaults
1492806404819	addons.xpi	DEBUG	getModTime: Recursive scan of aushelper@mozilla.org
1492806404819	addons.xpi	DEBUG	New add-on {972ce4c6-7e08-4474-a285-3208198ce6fd} in app-global
1492806404820	addons.xpi	DEBUG	getModTime: Recursive scan of {972ce4c6-7e08-4474-a285-3208198ce6fd}
1492806404820	addons.xpi	DEBUG	New add-on langpack-en-GB@firefox.mozilla.org in app-global
1492806404820	addons.xpi	DEBUG	getModTime: Recursive scan of langpack-en-GB@firefox.mozilla.org
1492806404820	addons.xpi	DEBUG	New add-on langpack-en-ZA@firefox.mozilla.org in app-global
1492806404820	addons.xpi	DEBUG	getModTime: Recursive scan of langpack-en-ZA@firefox.mozilla.org
1492806404820	addons.xpi	DEBUG	getInstallState changed: true, state: {"app-system-defaults":{"firefox@getpocket.com":{"d":"/usr/lib/firefox/browser/features/firefox@getpocket.com.xpi","st":1490804147000},"deployment-checker@mozilla.org":{"d":"/usr/lib/firefox/browser/features/deployment-checker@mozilla.org.xpi","st":1490804147000},"e10srollout@mozilla.org":{"d":"/usr/lib/firefox/browser/features/e10srollout@mozilla.org.xpi","st":1490804147000},"webcompat@mozilla.org":{"d":"/usr/lib/firefox/browser/features/webcompat@mozilla.org.xpi","st":1490804147000},"aushelper@mozilla.org":{"d":"/usr/lib/firefox/browser/features/aushelper@mozilla.org.xpi","st":1490804147000}},"app-global":{"{972ce4c6-7e08-4474-a285-3208198ce6fd}":{"d":"/usr/lib/firefox/browser/extensions/{972ce4c6-7e08-4474-a285-3208198ce6fd}.xpi","st":1490804147000},"langpack-en-GB@firefox.mozilla.org":{"d":"/usr/lib/firefox/browser/extensions/langpack-en-GB@firefox.mozilla.org.xpi","st":1490804544000},"langpack-en-ZA@firefox.mozilla.org":{"d":"/usr/lib/firefox/browser/extensions/langpack-en-ZA@firefox.mozilla.org.xpi","st":1490804544000}}}
1492806404827	addons.xpi-utils	DEBUG	Opening XPI database /tmp/rust_mozprofile.RIh45WsZxpss/extensions.json
1492806404828	addons.xpi-utils	DEBUG	New add-on firefox@getpocket.com installed in app-system-defaults
*** Blocklist::_loadBlocklistFromFile: blocklist is disabled
1492806404836	DeferredSave.extensions.json	DEBUG	Save changes
1492806404837	addons.xpi-utils	DEBUG	New add-on deployment-checker@mozilla.org installed in app-system-defaults
1492806404840	DeferredSave.extensions.json	DEBUG	Starting timer
1492806404841	DeferredSave.extensions.json	DEBUG	Save changes
1492806404841	addons.xpi-utils	DEBUG	New add-on e10srollout@mozilla.org installed in app-system-defaults
1492806404854	DeferredSave.extensions.json	DEBUG	Save changes
1492806404854	addons.xpi-utils	DEBUG	New add-on webcompat@mozilla.org installed in app-system-defaults
1492806404858	DeferredSave.extensions.json	DEBUG	Save changes
1492806404858	addons.xpi-utils	DEBUG	New add-on aushelper@mozilla.org installed in app-system-defaults
1492806404861	DeferredSave.extensions.json	DEBUG	Save changes
1492806404861	addons.xpi-utils	DEBUG	New add-on {972ce4c6-7e08-4474-a285-3208198ce6fd} installed in app-global
1492806404865	DeferredSave.extensions.json	DEBUG	Save changes
1492806404865	addons.xpi-utils	DEBUG	New add-on langpack-en-GB@firefox.mozilla.org installed in app-global
1492806404873	DeferredSave.extensions.json	DEBUG	Save changes
1492806404874	addons.xpi-utils	DEBUG	New add-on langpack-en-ZA@firefox.mozilla.org installed in app-global
1492806404880	DeferredSave.extensions.json	DEBUG	Save changes
1492806404881	addons.manager	DEBUG	Registering startup change 'installed' for firefox@getpocket.com
1492806404888	addons.xpi	DEBUG	Loading bootstrap scope from /usr/lib/firefox/browser/features/firefox@getpocket.com.xpi
1492806404892	addons.xpi	DEBUG	Calling bootstrap method install on firefox@getpocket.com version 1.0.5
1492806404892	addons.xpi-utils	DEBUG	Make addon app-system-defaults:firefox@getpocket.com visible
1492806404893	DeferredSave.extensions.json	DEBUG	Save changes
1492806404893	addons.manager	DEBUG	Registering startup change 'installed' for deployment-checker@mozilla.org
1492806404893	addons.xpi	DEBUG	Loading bootstrap scope from /usr/lib/firefox/browser/features/deployment-checker@mozilla.org.xpi
1492806404897	addons.xpi	DEBUG	Calling bootstrap method install on deployment-checker@mozilla.org version 1.0
1492806405400	addons.xpi-utils	DEBUG	Make addon app-system-defaults:deployment-checker@mozilla.org visible
1492806405400	DeferredSave.extensions.json	DEBUG	Save changes
1492806405401	addons.manager	DEBUG	Registering startup change 'installed' for e10srollout@mozilla.org
1492806405401	addons.xpi	DEBUG	Loading bootstrap scope from /usr/lib/firefox/browser/features/e10srollout@mozilla.org.xpi
1492806405403	addons.xpi	DEBUG	Calling bootstrap method install on e10srollout@mozilla.org version 1.9
1492806405404	addons.xpi-utils	DEBUG	Make addon app-system-defaults:e10srollout@mozilla.org visible
1492806405404	DeferredSave.extensions.json	DEBUG	Save changes
1492806405405	addons.manager	DEBUG	Registering startup change 'installed' for webcompat@mozilla.org
1492806405405	addons.xpi	DEBUG	Loading bootstrap scope from /usr/lib/firefox/browser/features/webcompat@mozilla.org.xpi
1492806405406	addons.xpi	DEBUG	Calling bootstrap method install on webcompat@mozilla.org version 1.0
1492806405406	addons.xpi-utils	DEBUG	Make addon app-system-defaults:webcompat@mozilla.org visible
1492806405406	DeferredSave.extensions.json	DEBUG	Save changes
1492806405407	addons.manager	DEBUG	Registering startup change 'installed' for aushelper@mozilla.org
1492806405407	addons.xpi	DEBUG	Loading bootstrap scope from /usr/lib/firefox/browser/features/aushelper@mozilla.org.xpi
1492806405408	addons.xpi	DEBUG	Calling bootstrap method install on aushelper@mozilla.org version 2.0
1492806405409	addons.xpi-utils	DEBUG	Make addon app-system-defaults:aushelper@mozilla.org visible
1492806405409	DeferredSave.extensions.json	DEBUG	Save changes
1492806405409	addons.xpi-utils	DEBUG	Make addon app-global:{972ce4c6-7e08-4474-a285-3208198ce6fd} visible
1492806405409	DeferredSave.extensions.json	DEBUG	Save changes
1492806405409	addons.manager	DEBUG	Registering startup change 'installed' for langpack-en-GB@firefox.mozilla.org
1492806405409	addons.manager	DEBUG	Registering startup change 'installed' for langpack-en-GB@firefox.mozilla.org
1492806405410	addons.xpi-utils	DEBUG	Make addon app-global:langpack-en-GB@firefox.mozilla.org visible
1492806405410	DeferredSave.extensions.json	DEBUG	Save changes
1492806405410	addons.manager	DEBUG	Registering startup change 'installed' for langpack-en-ZA@firefox.mozilla.org
1492806405410	addons.manager	DEBUG	Registering startup change 'installed' for langpack-en-ZA@firefox.mozilla.org
1492806405410	addons.xpi-utils	DEBUG	Make addon app-global:langpack-en-ZA@firefox.mozilla.org visible
1492806405411	DeferredSave.extensions.json	DEBUG	Save changes
1492806405411	addons.xpi	DEBUG	Updating XPIState for {"id":"firefox@getpocket.com","syncGUID":"{0cab0594-e1e6-4688-bf33-7b08dac16579}","location":"app-system-defaults","version":"1.0.5","type":"extension","internalName":null,"updateURL":null,"updateKey":null,"optionsURL":null,"optionsType":null,"aboutURL":null,"icons":{},"iconURL":null,"icon64URL":null,"defaultLocale":{"name":"Pocket","description":"When you find something you want to view later, put it in Pocket.","creator":null,"homepageURL":null},"visible":true,"active":true,"userDisabled":false,"appDisabled":false,"descriptor":"/usr/lib/firefox/browser/features/firefox@getpocket.com.xpi","installDate":1490804147000,"updateDate":1490804147000,"applyBackgroundUpdates":1,"bootstrap":true,"skinnable":false,"size":920281,"sourceURI":null,"releaseNotesURI":null,"softDisabled":false,"foreignInstall":false,"hasBinaryComponents":false,"strictCompatibility":false,"locales":[],"targetApplications":[{"id":"{ec8030f7-c20a-464f-9b0e-13a3a9e97384}","minVersion":"52.0.2","maxVersion":"52.*"}],"targetPlatforms":[],"multiprocessCompatible":true,"seen":true,"dependencies":[],"hasEmbeddedWebExtension":false,"mpcOptedOut":false}
1492806405411	addons.xpi	DEBUG	getModTime: Recursive scan of firefox@getpocket.com
1492806405411	addons.xpi	DEBUG	Updating XPIState for {"id":"deployment-checker@mozilla.org","syncGUID":"{e32b8ef0-6e76-4544-937d-49e2dbc58114}","location":"app-system-defaults","version":"1.0","type":"extension","internalName":null,"updateURL":null,"updateKey":null,"optionsURL":null,"optionsType":null,"aboutURL":null,"icons":{},"iconURL":null,"icon64URL":null,"defaultLocale":{"name":"Site Deployment Checker","description":"Check that Users Encounter Mozilla Sites as Deployed by Mozilla","creator":null,"homepageURL":null},"visible":true,"active":true,"userDisabled":false,"appDisabled":false,"descriptor":"/usr/lib/firefox/browser/features/deployment-checker@mozilla.org.xpi","installDate":1490804147000,"updateDate":1490804147000,"applyBackgroundUpdates":1,"bootstrap":true,"skinnable":false,"size":11555,"sourceURI":null,"releaseNotesURI":null,"softDisabled":false,"foreignInstall":false,"hasBinaryComponents":false,"strictCompatibility":false,"locales":[],"targetApplications":[{"id":"{ec8030f7-c20a-464f-9b0e-13a3a9e97384}","minVersion":"52.0.2","maxVersion":"52.*"}],"targetPlatforms":[],"multiprocessCompatible":true,"seen":true,"dependencies":[],"hasEmbeddedWebExtension":false,"mpcOptedOut":false}
1492806405411	addons.xpi	DEBUG	getModTime: Recursive scan of deployment-checker@mozilla.org
1492806405412	addons.xpi	DEBUG	Updating XPIState for {"id":"e10srollout@mozilla.org","syncGUID":"{8833d855-181c-4afa-9037-2d0dc5750b23}","location":"app-system-defaults","version":"1.9","type":"extension","internalName":null,"updateURL":null,"updateKey":null,"optionsURL":null,"optionsType":null,"aboutURL":null,"icons":{},"iconURL":null,"icon64URL":null,"defaultLocale":{"name":"Multi-process staged rollout","description":"Staged rollout of Firefox multi-process feature.","creator":null,"homepageURL":null},"visible":true,"active":true,"userDisabled":false,"appDisabled":false,"descriptor":"/usr/lib/firefox/browser/features/e10srollout@mozilla.org.xpi","installDate":1490804147000,"updateDate":1490804147000,"applyBackgroundUpdates":1,"bootstrap":true,"skinnable":false,"size":7183,"sourceURI":null,"releaseNotesURI":null,"softDisabled":false,"foreignInstall":false,"hasBinaryComponents":false,"strictCompatibility":false,"locales":[],"targetApplications":[{"id":"{ec8030f7-c20a-464f-9b0e-13a3a9e97384}","minVersion":"52.0.2","maxVersion":"52.*"}],"targetPlatforms":[],"multiprocessCompatible":true,"seen":true,"dependencies":[],"hasEmbeddedWebExtension":false,"mpcOptedOut":false}
1492806405412	addons.xpi	DEBUG	getModTime: Recursive scan of e10srollout@mozilla.org
1492806405412	addons.xpi	DEBUG	Updating XPIState for {"id":"webcompat@mozilla.org","syncGUID":"{9f2c3f4c-5b87-44f8-ae5b-81779706af43}","location":"app-system-defaults","version":"1.0","type":"extension","internalName":null,"updateURL":null,"updateKey":null,"optionsURL":null,"optionsType":null,"aboutURL":null,"icons":{},"iconURL":null,"icon64URL":null,"defaultLocale":{"name":"Web Compat","description":"Urgent post-release fixes for web compatibility.","creator":null,"homepageURL":null},"visible":true,"active":true,"userDisabled":false,"appDisabled":false,"descriptor":"/usr/lib/firefox/browser/features/webcompat@mozilla.org.xpi","installDate":1490804147000,"updateDate":1490804147000,"applyBackgroundUpdates":1,"bootstrap":true,"skinnable":false,"size":1456,"sourceURI":null,"releaseNotesURI":null,"softDisabled":false,"foreignInstall":false,"hasBinaryComponents":false,"strictCompatibility":false,"locales":[],"targetApplications":[{"id":"{ec8030f7-c20a-464f-9b0e-13a3a9e97384}","minVersion":"52.0.2","maxVersion":"52.*"}],"targetPlatforms":[],"multiprocessCompatible":true,"seen":true,"dependencies":[],"hasEmbeddedWebExtension":false,"mpcOptedOut":false}
1492806405413	addons.xpi	DEBUG	getModTime: Recursive scan of webcompat@mozilla.org
1492806405413	addons.xpi	DEBUG	Updating XPIState for {"id":"aushelper@mozilla.org","syncGUID":"{8a20415f-c0e8-433b-b843-202e1623b45e}","location":"app-system-defaults","version":"2.0","type":"extension","internalName":null,"updateURL":null,"updateKey":null,"optionsURL":null,"optionsType":null,"aboutURL":null,"icons":{},"iconURL":null,"icon64URL":null,"defaultLocale":{"name":"Application Update Service Helper","description":"Sets value(s) in the update url based on custom checks.","creator":null,"homepageURL":null},"visible":true,"active":true,"userDisabled":false,"appDisabled":false,"descriptor":"/usr/lib/firefox/browser/features/aushelper@mozilla.org.xpi","installDate":1490804147000,"updateDate":1490804147000,"applyBackgroundUpdates":1,"bootstrap":true,"skinnable":false,"size":8488,"sourceURI":null,"releaseNotesURI":null,"softDisabled":false,"foreignInstall":false,"hasBinaryComponents":false,"strictCompatibility":false,"locales":[],"targetApplications":[{"id":"{ec8030f7-c20a-464f-9b0e-13a3a9e97384}","minVersion":"52.0.2","maxVersion":"52.*"}],"targetPlatforms":[],"multiprocessCompatible":true,"seen":true,"dependencies":[],"hasEmbeddedWebExtension":false,"mpcOptedOut":false}
1492806405413	addons.xpi	DEBUG	getModTime: Recursive scan of aushelper@mozilla.org
1492806405414	addons.xpi	DEBUG	Updating XPIState for {"id":"{972ce4c6-7e08-4474-a285-3208198ce6fd}","syncGUID":"{aa900516-5f28-4a6a-929e-eb8fdda36744}","location":"app-global","version":"52.0.2","type":"theme","internalName":"classic/1.0","updateURL":null,"updateKey":null,"optionsURL":null,"optionsType":null,"aboutURL":null,"icons":{"32":"icon.png","48":"icon.png"},"iconURL":null,"icon64URL":null,"defaultLocale":{"name":"Default","description":"The default theme.","creator":"Mozilla","homepageURL":null,"contributors":["Mozilla Contributors"]},"visible":true,"active":true,"userDisabled":false,"appDisabled":false,"descriptor":"/usr/lib/firefox/browser/extensions/{972ce4c6-7e08-4474-a285-3208198ce6fd}.xpi","installDate":1490804147000,"updateDate":1490804147000,"applyBackgroundUpdates":1,"skinnable":true,"size":4932,"sourceURI":null,"releaseNotesURI":null,"softDisabled":false,"foreignInstall":false,"hasBinaryComponents":false,"strictCompatibility":true,"locales":[],"targetApplications":[{"id":"{ec8030f7-c20a-464f-9b0e-13a3a9e97384}","minVersion":"52.0.2","maxVersion":"52.0.2"}],"targetPlatforms":[],"seen":true,"dependencies":[],"hasEmbeddedWebExtension":false}
1492806405414	addons.xpi	DEBUG	getModTime: Recursive scan of {972ce4c6-7e08-4474-a285-3208198ce6fd}
1492806405415	addons.xpi	DEBUG	Updating XPIState for {"id":"langpack-en-GB@firefox.mozilla.org","syncGUID":"{cef83517-9332-4327-a65b-dacb4b7c7503}","location":"app-global","version":"52.0.2","type":"locale","internalName":null,"updateURL":null,"updateKey":null,"optionsURL":null,"optionsType":null,"aboutURL":null,"icons":{},"iconURL":null,"icon64URL":null,"defaultLocale":{"name":"English (GB) Language Pack","description":null,"creator":"Mark Tyndall","homepageURL":null,"contributors":["David Bartlett","Constantine Murenin","Ian Neal"]},"visible":true,"active":true,"userDisabled":false,"appDisabled":false,"descriptor":"/usr/lib/firefox/browser/extensions/langpack-en-GB@firefox.mozilla.org.xpi","installDate":1490804544000,"updateDate":1490804544000,"applyBackgroundUpdates":1,"bootstrap":true,"skinnable":false,"size":1155239,"sourceURI":null,"releaseNotesURI":null,"softDisabled":false,"foreignInstall":true,"hasBinaryComponents":false,"strictCompatibility":true,"locales":[],"targetApplications":[{"id":"{ec8030f7-c20a-464f-9b0e-13a3a9e97384}","minVersion":"52.0.2","maxVersion":"52.*"}],"targetPlatforms":[],"seen":true,"dependencies":[],"hasEmbeddedWebExtension":false}
1492806405415	addons.xpi	DEBUG	getModTime: Recursive scan of langpack-en-GB@firefox.mozilla.org
1492806405415	addons.xpi	DEBUG	Updating XPIState for {"id":"langpack-en-ZA@firefox.mozilla.org","syncGUID":"{a1513a6f-a954-458b-8069-3522d881b650}","location":"app-global","version":"52.0.2","type":"locale","internalName":null,"updateURL":null,"updateKey":null,"optionsURL":null,"optionsType":null,"aboutURL":null,"icons":{},"iconURL":null,"icon64URL":null,"defaultLocale":{"name":"English (South Africa) Language Pack","description":null,"creator":"Translate.org.za","homepageURL":null,"contributors":["Translate.org.za","Dwayne Bailey"]},"visible":true,"active":true,"userDisabled":false,"appDisabled":false,"descriptor":"/usr/lib/firefox/browser/extensions/langpack-en-ZA@firefox.mozilla.org.xpi","installDate":1490804544000,"updateDate":1490804544000,"applyBackgroundUpdates":1,"bootstrap":true,"skinnable":false,"size":1197397,"sourceURI":null,"releaseNotesURI":null,"softDisabled":false,"foreignInstall":true,"hasBinaryComponents":false,"strictCompatibility":true,"locales":[],"targetApplications":[{"id":"{ec8030f7-c20a-464f-9b0e-13a3a9e97384}","minVersion":"52.0.2","maxVersion":"52.*"}],"targetPlatforms":[],"seen":true,"dependencies":[],"hasEmbeddedWebExtension":false}
1492806405415	addons.xpi	DEBUG	getModTime: Recursive scan of langpack-en-ZA@firefox.mozilla.org
1492806405416	DeferredSave.extensions.json	DEBUG	Save changes
1492806405416	addons.xpi	DEBUG	Updating database with changes to installed add-ons
1492806405416	addons.xpi-utils	DEBUG	Updating add-on states
1492806405417	addons.xpi-utils	DEBUG	Writing add-ons list
1492806405419	addons.xpi	DEBUG	Registering manifest for /usr/lib/firefox/browser/features/aushelper@mozilla.org.xpi
1492806405419	addons.xpi	DEBUG	Calling bootstrap method startup on aushelper@mozilla.org version 2.0
1492806405420	addons.xpi	DEBUG	Registering manifest for /usr/lib/firefox/browser/features/deployment-checker@mozilla.org.xpi
1492806405420	addons.xpi	DEBUG	Calling bootstrap method startup on deployment-checker@mozilla.org version 1.0
1492806405421	addons.xpi	DEBUG	Registering manifest for /usr/lib/firefox/browser/features/e10srollout@mozilla.org.xpi
1492806405421	addons.xpi	DEBUG	Calling bootstrap method startup on e10srollout@mozilla.org version 1.9
1492806405421	addons.xpi	DEBUG	Registering manifest for /usr/lib/firefox/browser/features/firefox@getpocket.com.xpi
1492806405421	addons.xpi	DEBUG	Calling bootstrap method startup on firefox@getpocket.com version 1.0.5
1492806405422	addons.xpi	DEBUG	Registering manifest for /usr/lib/firefox/browser/extensions/langpack-en-GB@firefox.mozilla.org.xpi
1492806405423	addons.xpi	DEBUG	Registering manifest for /usr/lib/firefox/browser/extensions/langpack-en-ZA@firefox.mozilla.org.xpi
1492806405423	addons.xpi	DEBUG	Registering manifest for /usr/lib/firefox/browser/features/webcompat@mozilla.org.xpi
1492806405424	addons.xpi	DEBUG	Calling bootstrap method startup on webcompat@mozilla.org version 1.0
1492806405426	addons.manager	DEBUG	Registering shutdown blocker for XPIProvider
1492806405426	addons.manager	DEBUG	Provider finished startup: XPIProvider
1492806405426	addons.manager	DEBUG	Starting provider: LightweightThemeManager
1492806405426	addons.manager	DEBUG	Registering shutdown blocker for LightweightThemeManager
1492806405426	addons.manager	DEBUG	Provider finished startup: LightweightThemeManager
1492806405426	addons.manager	DEBUG	Starting provider: GMPProvider
1492806405432	addons.manager	DEBUG	Registering shutdown blocker for GMPProvider
1492806405433	addons.manager	DEBUG	Provider finished startup: GMPProvider
1492806405433	addons.manager	DEBUG	Starting provider: PluginProvider
1492806405433	addons.manager	DEBUG	Registering shutdown blocker for PluginProvider
1492806405433	addons.manager	DEBUG	Provider finished startup: PluginProvider
1492806405433	addons.manager	DEBUG	Completed startup sequence
1492806405595	Marionette	INFO	Listening on port 46523
1492806406773	addons.manager	DEBUG	Starting provider: <unnamed-provider>
1492806406774	addons.manager	DEBUG	Registering shutdown blocker for <unnamed-provider>
1492806406774	addons.manager	DEBUG	Provider finished startup: <unnamed-provider>
1492806407122	addons.manager	DEBUG	Starting provider: PreviousExperimentProvider
1492806407122	addons.manager	DEBUG	Registering shutdown blocker for PreviousExperimentProvider
1492806407122	addons.manager	DEBUG	Provider finished startup: PreviousExperimentProvider
1492806407124	DeferredSave.extensions.json	DEBUG	Starting write
1492806407172	Marionette	WARN	TLS certificate errors will be ignored for this session
1492806407214	DeferredSave.extensions.json	DEBUG	Write succeeded
1492806407215	addons.xpi-utils	DEBUG	XPI Database saved, setting schema version preference to 19
1492806444691	addons.xpi	DEBUG	Calling bootstrap method shutdown on webcompat@mozilla.org version 1.0
1492806444692	addons.xpi	DEBUG	Calling bootstrap method shutdown on firefox@getpocket.com version 1.0.5
1492806444693	addons.xpi	DEBUG	Calling bootstrap method shutdown on e10srollout@mozilla.org version 1.9
1492806444693	addons.xpi	DEBUG	Calling bootstrap method shutdown on deployment-checker@mozilla.org version 1.0
1492806444694	addons.xpi	DEBUG	Calling bootstrap method shutdown on aushelper@mozilla.org version 2.0
1492806444818	addons.manager	DEBUG	shutdown
1492806444819	addons.manager	DEBUG	Calling shutdown blocker for XPIProvider
1492806444819	addons.xpi	DEBUG	shutdown
1492806444819	addons.xpi-utils	DEBUG	shutdown
1492806444820	addons.manager	DEBUG	Calling shutdown blocker for LightweightThemeManager
1492806444820	addons.manager	DEBUG	Calling shutdown blocker for GMPProvider
1492806444822	addons.manager	DEBUG	Calling shutdown blocker for PluginProvider
1492806444823	addons.manager	DEBUG	Calling shutdown blocker for <unnamed-provider>
1492806444824	addons.manager	DEBUG	Calling shutdown blocker for PreviousExperimentProvider
1492806444827	addons.xpi	DEBUG	Notifying XPI shutdown observers
1492806444833	addons.manager	DEBUG	Async provider shutdown done
